{
  "C:\\Users\\anon\\github\\logi-ink\\js\\utils\\accessibility.js": {
    "path": "C:\\Users\\anon\\github\\logi-ink\\js\\utils\\accessibility.js",
    "statementMap": {
      "0": { "start": { "line": 7, "column": 25 }, "end": { "line": 7, "column": 29 } },
      "1": { "start": { "line": 14, "column": 2 }, "end": { "line": 14, "column": null } },
      "2": { "start": { "line": 14, "column": 18 }, "end": { "line": 14, "column": null } },
      "3": { "start": { "line": 16, "column": 28 }, "end": { "line": 18, "column": 3 } },
      "4": { "start": { "line": 20, "column": 2 }, "end": { "line": 20, "column": null } },
      "5": { "start": { "line": 20, "column": 38 }, "end": { "line": 20, "column": null } },
      "6": { "start": { "line": 22, "column": 23 }, "end": { "line": 22, "column": 43 } },
      "7": { "start": { "line": 23, "column": 22 }, "end": { "line": 23, "column": 69 } },
      "8": { "start": { "line": 25, "column": 24 }, "end": { "line": 52, "column": 3 } },
      "9": { "start": { "line": 26, "column": 4 }, "end": { "line": 40, "column": null } },
      "10": { "start": { "line": 27, "column": 6 }, "end": { "line": 39, "column": null } },
      "11": { "start": { "line": 29, "column": 8 }, "end": { "line": 32, "column": null } },
      "12": { "start": { "line": 30, "column": 10 }, "end": { "line": 30, "column": null } },
      "13": { "start": { "line": 31, "column": 10 }, "end": { "line": 31, "column": null } },
      "14": { "start": { "line": 35, "column": 8 }, "end": { "line": 38, "column": null } },
      "15": { "start": { "line": 36, "column": 10 }, "end": { "line": 36, "column": null } },
      "16": { "start": { "line": 37, "column": 10 }, "end": { "line": 37, "column": null } },
      "17": { "start": { "line": 43, "column": 4 }, "end": { "line": 51, "column": null } },
      "18": { "start": { "line": 44, "column": 20 }, "end": { "line": 44, "column": 74 } },
      "19": { "start": { "line": 45, "column": 6 }, "end": { "line": 50, "column": null } },
      "20": { "start": { "line": 46, "column": 28 }, "end": { "line": 46, "column": 103 } },
      "21": { "start": { "line": 47, "column": 8 }, "end": { "line": 49, "column": null } },
      "22": { "start": { "line": 48, "column": 10 }, "end": { "line": 48, "column": null } },
      "23": { "start": { "line": 54, "column": 2 }, "end": { "line": 54, "column": null } },
      "24": { "start": { "line": 57, "column": 2 }, "end": { "line": 57, "column": null } },
      "25": { "start": { "line": 60, "column": 2 }, "end": { "line": 62, "column": null } },
      "26": { "start": { "line": 61, "column": 4 }, "end": { "line": 61, "column": null } },
      "27": { "start": { "line": 71, "column": 21 }, "end": { "line": 71, "column": 64 } },
      "28": { "start": { "line": 72, "column": 2 }, "end": { "line": 85, "column": null } },
      "29": { "start": { "line": 74, "column": 19 }, "end": { "line": 74, "column": 48 } },
      "30": { "start": { "line": 75, "column": 4 }, "end": { "line": 75, "column": null } },
      "31": { "start": { "line": 76, "column": 4 }, "end": { "line": 76, "column": null } },
      "32": { "start": { "line": 77, "column": 4 }, "end": { "line": 77, "column": null } },
      "33": { "start": { "line": 78, "column": 4 }, "end": { "line": 78, "column": null } },
      "34": { "start": { "line": 79, "column": 4 }, "end": { "line": 79, "column": null } },
      "35": { "start": { "line": 80, "column": 4 }, "end": { "line": 80, "column": null } },
      "36": { "start": { "line": 81, "column": 4 }, "end": { "line": 83, "column": null } },
      "37": { "start": { "line": 82, "column": 6 }, "end": { "line": 82, "column": null } },
      "38": { "start": { "line": 84, "column": 4 }, "end": { "line": 84, "column": null } },
      "39": { "start": { "line": 87, "column": 2 }, "end": { "line": 87, "column": null } },
      "40": { "start": { "line": 88, "column": 2 }, "end": { "line": 88, "column": null } },
      "41": { "start": { "line": 91, "column": 2 }, "end": { "line": 93, "column": null } },
      "42": { "start": { "line": 92, "column": 4 }, "end": { "line": 92, "column": null } },
      "43": { "start": { "line": 101, "column": 2 }, "end": { "line": 101, "column": null } },
      "44": { "start": { "line": 109, "column": 2 }, "end": { "line": 109, "column": null } },
      "45": { "start": { "line": 116, "column": 2 }, "end": { "line": 119, "column": null } },
      "46": { "start": { "line": 117, "column": 4 }, "end": { "line": 117, "column": null } },
      "47": { "start": { "line": 118, "column": 4 }, "end": { "line": 118, "column": null } },
      "48": { "start": { "line": 127, "column": 22 }, "end": { "line": 127, "column": 82 } },
      "49": { "start": { "line": 128, "column": 2 }, "end": { "line": 130, "column": null } },
      "50": { "start": { "line": 129, "column": 4 }, "end": { "line": 129, "column": null } },
      "51": { "start": { "line": 133, "column": 19 }, "end": { "line": 133, "column": 55 } },
      "52": { "start": { "line": 134, "column": 2 }, "end": { "line": 146, "column": null } },
      "53": { "start": { "line": 135, "column": 4 }, "end": { "line": 145, "column": null } },
      "54": { "start": { "line": 136, "column": 21 }, "end": { "line": 136, "column": 74 } },
      "55": { "start": { "line": 137, "column": 6 }, "end": { "line": 144, "column": null } },
      "56": { "start": { "line": 138, "column": 8 }, "end": { "line": 138, "column": null } },
      "57": { "start": { "line": 139, "column": 8 }, "end": { "line": 139, "column": null } },
      "58": { "start": { "line": 140, "column": 8 }, "end": { "line": 140, "column": null } },
      "59": { "start": { "line": 141, "column": 8 }, "end": { "line": 141, "column": null } },
      "60": { "start": { "line": 142, "column": 8 }, "end": { "line": 142, "column": null } },
      "61": { "start": { "line": 143, "column": 8 }, "end": { "line": 143, "column": null } },
      "62": { "start": { "line": 149, "column": 2 }, "end": { "line": 160, "column": null } },
      "63": { "start": { "line": 151, "column": 4 }, "end": { "line": 159, "column": null } },
      "64": { "start": { "line": 152, "column": 24 }, "end": { "line": 152, "column": 118 } },
      "65": { "start": { "line": 153, "column": 6 }, "end": { "line": 158, "column": null } },
      "66": { "start": { "line": 154, "column": 28 }, "end": { "line": 154, "column": 107 } },
      "67": { "start": { "line": 155, "column": 8 }, "end": { "line": 157, "column": null } },
      "68": { "start": { "line": 156, "column": 10 }, "end": { "line": 156, "column": null } },
      "69": { "start": { "line": 163, "column": 2 }, "end": { "line": 163, "column": null } }
    },
    "fnMap": {
      "0": {
        "name": "trapFocus",
        "decl": { "start": { "line": 13, "column": 16 }, "end": { "line": 13, "column": 25 } },
        "loc": { "start": { "line": 13, "column": 37 }, "end": { "line": 63, "column": null } },
        "line": 13
      },
      "1": {
        "name": "(anonymous_1)",
        "decl": { "start": { "line": 25, "column": 24 }, "end": { "line": 25, "column": 25 } },
        "loc": { "start": { "line": 25, "column": 31 }, "end": { "line": 52, "column": 3 } },
        "line": 25
      },
      "2": {
        "name": "(anonymous_2)",
        "decl": { "start": { "line": 60, "column": 9 }, "end": { "line": 60, "column": 10 } },
        "loc": { "start": { "line": 60, "column": 15 }, "end": { "line": 62, "column": 3 } },
        "line": 60
      },
      "3": {
        "name": "announceToScreenReader",
        "decl": { "start": { "line": 70, "column": 16 }, "end": { "line": 70, "column": 38 } },
        "loc": { "start": { "line": 70, "column": 69 }, "end": { "line": 94, "column": null } },
        "line": 70
      },
      "4": {
        "name": "(anonymous_4)",
        "decl": { "start": { "line": 81, "column": 15 }, "end": { "line": 81, "column": 16 } },
        "loc": { "start": { "line": 81, "column": 21 }, "end": { "line": 83, "column": 5 } },
        "line": 81
      },
      "5": {
        "name": "(anonymous_5)",
        "decl": { "start": { "line": 91, "column": 13 }, "end": { "line": 91, "column": 14 } },
        "loc": { "start": { "line": 91, "column": 19 }, "end": { "line": 93, "column": 3 } },
        "line": 91
      },
      "6": {
        "name": "setLastFocusedElement",
        "decl": { "start": { "line": 100, "column": 16 }, "end": { "line": 100, "column": 37 } },
        "loc": { "start": { "line": 100, "column": 47 }, "end": { "line": 102, "column": null } },
        "line": 100
      },
      "7": {
        "name": "getLastFocusedElement",
        "decl": { "start": { "line": 108, "column": 16 }, "end": { "line": 108, "column": 37 } },
        "loc": { "start": { "line": 108, "column": 40 }, "end": { "line": 110, "column": null } },
        "line": 108
      },
      "8": {
        "name": "restoreFocus",
        "decl": { "start": { "line": 115, "column": 16 }, "end": { "line": 115, "column": 28 } },
        "loc": { "start": { "line": 115, "column": 31 }, "end": { "line": 120, "column": null } },
        "line": 115
      },
      "9": {
        "name": "initAccessibility",
        "decl": { "start": { "line": 125, "column": 16 }, "end": { "line": 125, "column": 33 } },
        "loc": { "start": { "line": 125, "column": 36 }, "end": { "line": 164, "column": null } },
        "line": 125
      },
      "10": {
        "name": "(anonymous_10)",
        "decl": { "start": { "line": 135, "column": 39 }, "end": { "line": 135, "column": 40 } },
        "loc": { "start": { "line": 135, "column": 46 }, "end": { "line": 145, "column": 5 } },
        "line": 135
      },
      "11": {
        "name": "(anonymous_11)",
        "decl": { "start": { "line": 149, "column": 39 }, "end": { "line": 149, "column": 40 } },
        "loc": { "start": { "line": 149, "column": 46 }, "end": { "line": 160, "column": 3 } },
        "line": 149
      }
    },
    "branchMap": {
      "0": {
        "loc": { "start": { "line": 14, "column": 2 }, "end": { "line": 14, "column": null } },
        "type": "if",
        "locations": [
          { "start": { "line": 14, "column": 2 }, "end": { "line": 14, "column": null } },
          { "start": {}, "end": {} }
        ],
        "line": 14
      },
      "1": {
        "loc": { "start": { "line": 20, "column": 2 }, "end": { "line": 20, "column": null } },
        "type": "if",
        "locations": [
          { "start": { "line": 20, "column": 2 }, "end": { "line": 20, "column": null } },
          { "start": {}, "end": {} }
        ],
        "line": 20
      },
      "2": {
        "loc": { "start": { "line": 26, "column": 4 }, "end": { "line": 40, "column": null } },
        "type": "if",
        "locations": [
          { "start": { "line": 26, "column": 4 }, "end": { "line": 40, "column": null } },
          { "start": {}, "end": {} }
        ],
        "line": 26
      },
      "3": {
        "loc": { "start": { "line": 27, "column": 6 }, "end": { "line": 39, "column": null } },
        "type": "if",
        "locations": [
          { "start": { "line": 27, "column": 6 }, "end": { "line": 39, "column": null } },
          { "start": { "line": 33, "column": 13 }, "end": { "line": 39, "column": null } }
        ],
        "line": 27
      },
      "4": {
        "loc": { "start": { "line": 29, "column": 8 }, "end": { "line": 32, "column": null } },
        "type": "if",
        "locations": [
          { "start": { "line": 29, "column": 8 }, "end": { "line": 32, "column": null } },
          { "start": {}, "end": {} }
        ],
        "line": 29
      },
      "5": {
        "loc": { "start": { "line": 35, "column": 8 }, "end": { "line": 38, "column": null } },
        "type": "if",
        "locations": [
          { "start": { "line": 35, "column": 8 }, "end": { "line": 38, "column": null } },
          { "start": {}, "end": {} }
        ],
        "line": 35
      },
      "6": {
        "loc": { "start": { "line": 43, "column": 4 }, "end": { "line": 51, "column": null } },
        "type": "if",
        "locations": [
          { "start": { "line": 43, "column": 4 }, "end": { "line": 51, "column": null } },
          { "start": {}, "end": {} }
        ],
        "line": 43
      },
      "7": {
        "loc": { "start": { "line": 45, "column": 6 }, "end": { "line": 50, "column": null } },
        "type": "if",
        "locations": [
          { "start": { "line": 45, "column": 6 }, "end": { "line": 50, "column": null } },
          { "start": {}, "end": {} }
        ],
        "line": 45
      },
      "8": {
        "loc": { "start": { "line": 47, "column": 8 }, "end": { "line": 49, "column": null } },
        "type": "if",
        "locations": [
          { "start": { "line": 47, "column": 8 }, "end": { "line": 49, "column": null } },
          { "start": {}, "end": {} }
        ],
        "line": 47
      },
      "9": {
        "loc": { "start": { "line": 70, "column": 48 }, "end": { "line": 70, "column": 67 } },
        "type": "default-arg",
        "locations": [
          { "start": { "line": 70, "column": 59 }, "end": { "line": 70, "column": 67 } }
        ],
        "line": 70
      },
      "10": {
        "loc": { "start": { "line": 72, "column": 2 }, "end": { "line": 85, "column": null } },
        "type": "if",
        "locations": [
          { "start": { "line": 72, "column": 2 }, "end": { "line": 85, "column": null } },
          { "start": {}, "end": {} }
        ],
        "line": 72
      },
      "11": {
        "loc": { "start": { "line": 101, "column": 23 }, "end": { "line": 101, "column": 56 } },
        "type": "binary-expr",
        "locations": [
          { "start": { "line": 101, "column": 23 }, "end": { "line": 101, "column": 30 } },
          { "start": { "line": 101, "column": 34 }, "end": { "line": 101, "column": 56 } }
        ],
        "line": 101
      },
      "12": {
        "loc": { "start": { "line": 116, "column": 2 }, "end": { "line": 119, "column": null } },
        "type": "if",
        "locations": [
          { "start": { "line": 116, "column": 2 }, "end": { "line": 119, "column": null } },
          { "start": {}, "end": {} }
        ],
        "line": 116
      },
      "13": {
        "loc": { "start": { "line": 128, "column": 2 }, "end": { "line": 130, "column": null } },
        "type": "if",
        "locations": [
          { "start": { "line": 128, "column": 2 }, "end": { "line": 130, "column": null } },
          { "start": {}, "end": {} }
        ],
        "line": 128
      },
      "14": {
        "loc": { "start": { "line": 128, "column": 6 }, "end": { "line": 128, "column": 36 } },
        "type": "binary-expr",
        "locations": [
          { "start": { "line": 128, "column": 6 }, "end": { "line": 128, "column": 17 } },
          { "start": { "line": 128, "column": 21 }, "end": { "line": 128, "column": 36 } }
        ],
        "line": 128
      },
      "15": {
        "loc": { "start": { "line": 134, "column": 2 }, "end": { "line": 146, "column": null } },
        "type": "if",
        "locations": [
          { "start": { "line": 134, "column": 2 }, "end": { "line": 146, "column": null } },
          { "start": {}, "end": {} }
        ],
        "line": 134
      },
      "16": {
        "loc": { "start": { "line": 137, "column": 6 }, "end": { "line": 144, "column": null } },
        "type": "if",
        "locations": [
          { "start": { "line": 137, "column": 6 }, "end": { "line": 144, "column": null } },
          { "start": {}, "end": {} }
        ],
        "line": 137
      },
      "17": {
        "loc": { "start": { "line": 151, "column": 4 }, "end": { "line": 159, "column": null } },
        "type": "if",
        "locations": [
          { "start": { "line": 151, "column": 4 }, "end": { "line": 159, "column": null } },
          { "start": {}, "end": {} }
        ],
        "line": 151
      },
      "18": {
        "loc": { "start": { "line": 153, "column": 6 }, "end": { "line": 158, "column": null } },
        "type": "if",
        "locations": [
          { "start": { "line": 153, "column": 6 }, "end": { "line": 158, "column": null } },
          { "start": {}, "end": {} }
        ],
        "line": 153
      },
      "19": {
        "loc": { "start": { "line": 155, "column": 8 }, "end": { "line": 157, "column": null } },
        "type": "if",
        "locations": [
          { "start": { "line": 155, "column": 8 }, "end": { "line": 157, "column": null } },
          { "start": {}, "end": {} }
        ],
        "line": 155
      }
    },
    "s": {
      "0": 1,
      "1": 5,
      "2": 1,
      "3": 4,
      "4": 4,
      "5": 1,
      "6": 3,
      "7": 3,
      "8": 3,
      "9": 4,
      "10": 3,
      "11": 1,
      "12": 1,
      "13": 1,
      "14": 2,
      "15": 1,
      "16": 1,
      "17": 4,
      "18": 1,
      "19": 1,
      "20": 1,
      "21": 1,
      "22": 1,
      "23": 3,
      "24": 3,
      "25": 3,
      "26": 2,
      "27": 10,
      "28": 10,
      "29": 8,
      "30": 8,
      "31": 8,
      "32": 8,
      "33": 8,
      "34": 8,
      "35": 8,
      "36": 8,
      "37": 1,
      "38": 8,
      "39": 2,
      "40": 2,
      "41": 2,
      "42": 0,
      "43": 1,
      "44": 0,
      "45": 2,
      "46": 1,
      "47": 1,
      "48": 5,
      "49": 5,
      "50": 1,
      "51": 5,
      "52": 5,
      "53": 1,
      "54": 1,
      "55": 1,
      "56": 1,
      "57": 1,
      "58": 1,
      "59": 1,
      "60": 1,
      "61": 1,
      "62": 5,
      "63": 4,
      "64": 4,
      "65": 4,
      "66": 4,
      "67": 4,
      "68": 4,
      "69": 5
    },
    "f": {
      "0": 5,
      "1": 4,
      "2": 2,
      "3": 10,
      "4": 1,
      "5": 0,
      "6": 1,
      "7": 0,
      "8": 2,
      "9": 5,
      "10": 1,
      "11": 4
    },
    "b": {
      "0": [1, 4],
      "1": [1, 3],
      "2": [3, 1],
      "3": [1, 2],
      "4": [1, 0],
      "5": [1, 1],
      "6": [1, 3],
      "7": [1, 0],
      "8": [1, 0],
      "9": [10],
      "10": [8, 2],
      "11": [1, 0],
      "12": [1, 1],
      "13": [1, 4],
      "14": [5, 3],
      "15": [1, 4],
      "16": [1, 0],
      "17": [4, 0],
      "18": [4, 0],
      "19": [4, 0]
    },
    "meta": {
      "lastBranch": 20,
      "lastFunction": 12,
      "lastStatement": 70,
      "seen": {
        "s:7:25:7:29": 0,
        "f:13:16:13:25": 0,
        "b:14:2:14:Infinity:undefined:undefined:undefined:undefined": 0,
        "s:14:2:14:Infinity": 1,
        "s:14:18:14:Infinity": 2,
        "s:16:28:18:3": 3,
        "b:20:2:20:Infinity:undefined:undefined:undefined:undefined": 1,
        "s:20:2:20:Infinity": 4,
        "s:20:38:20:Infinity": 5,
        "s:22:23:22:43": 6,
        "s:23:22:23:69": 7,
        "s:25:24:52:3": 8,
        "f:25:24:25:25": 1,
        "b:26:4:40:Infinity:undefined:undefined:undefined:undefined": 2,
        "s:26:4:40:Infinity": 9,
        "b:27:6:39:Infinity:33:13:39:Infinity": 3,
        "s:27:6:39:Infinity": 10,
        "b:29:8:32:Infinity:undefined:undefined:undefined:undefined": 4,
        "s:29:8:32:Infinity": 11,
        "s:30:10:30:Infinity": 12,
        "s:31:10:31:Infinity": 13,
        "b:35:8:38:Infinity:undefined:undefined:undefined:undefined": 5,
        "s:35:8:38:Infinity": 14,
        "s:36:10:36:Infinity": 15,
        "s:37:10:37:Infinity": 16,
        "b:43:4:51:Infinity:undefined:undefined:undefined:undefined": 6,
        "s:43:4:51:Infinity": 17,
        "s:44:20:44:74": 18,
        "b:45:6:50:Infinity:undefined:undefined:undefined:undefined": 7,
        "s:45:6:50:Infinity": 19,
        "s:46:28:46:103": 20,
        "b:47:8:49:Infinity:undefined:undefined:undefined:undefined": 8,
        "s:47:8:49:Infinity": 21,
        "s:48:10:48:Infinity": 22,
        "s:54:2:54:Infinity": 23,
        "s:57:2:57:Infinity": 24,
        "s:60:2:62:Infinity": 25,
        "f:60:9:60:10": 2,
        "s:61:4:61:Infinity": 26,
        "f:70:16:70:38": 3,
        "b:70:59:70:67": 9,
        "s:71:21:71:64": 27,
        "b:72:2:85:Infinity:undefined:undefined:undefined:undefined": 10,
        "s:72:2:85:Infinity": 28,
        "s:74:19:74:48": 29,
        "s:75:4:75:Infinity": 30,
        "s:76:4:76:Infinity": 31,
        "s:77:4:77:Infinity": 32,
        "s:78:4:78:Infinity": 33,
        "s:79:4:79:Infinity": 34,
        "s:80:4:80:Infinity": 35,
        "s:81:4:83:Infinity": 36,
        "f:81:15:81:16": 4,
        "s:82:6:82:Infinity": 37,
        "s:84:4:84:Infinity": 38,
        "s:87:2:87:Infinity": 39,
        "s:88:2:88:Infinity": 40,
        "s:91:2:93:Infinity": 41,
        "f:91:13:91:14": 5,
        "s:92:4:92:Infinity": 42,
        "f:100:16:100:37": 6,
        "s:101:2:101:Infinity": 43,
        "b:101:23:101:30:101:34:101:56": 11,
        "f:108:16:108:37": 7,
        "s:109:2:109:Infinity": 44,
        "f:115:16:115:28": 8,
        "b:116:2:119:Infinity:undefined:undefined:undefined:undefined": 12,
        "s:116:2:119:Infinity": 45,
        "s:117:4:117:Infinity": 46,
        "s:118:4:118:Infinity": 47,
        "f:125:16:125:33": 9,
        "s:127:22:127:82": 48,
        "b:128:2:130:Infinity:undefined:undefined:undefined:undefined": 13,
        "s:128:2:130:Infinity": 49,
        "b:128:6:128:17:128:21:128:36": 14,
        "s:129:4:129:Infinity": 50,
        "s:133:19:133:55": 51,
        "b:134:2:146:Infinity:undefined:undefined:undefined:undefined": 15,
        "s:134:2:146:Infinity": 52,
        "s:135:4:145:Infinity": 53,
        "f:135:39:135:40": 10,
        "s:136:21:136:74": 54,
        "b:137:6:144:Infinity:undefined:undefined:undefined:undefined": 16,
        "s:137:6:144:Infinity": 55,
        "s:138:8:138:Infinity": 56,
        "s:139:8:139:Infinity": 57,
        "s:140:8:140:Infinity": 58,
        "s:141:8:141:Infinity": 59,
        "s:142:8:142:Infinity": 60,
        "s:143:8:143:Infinity": 61,
        "s:149:2:160:Infinity": 62,
        "f:149:39:149:40": 11,
        "b:151:4:159:Infinity:undefined:undefined:undefined:undefined": 17,
        "s:151:4:159:Infinity": 63,
        "s:152:24:152:118": 64,
        "b:153:6:158:Infinity:undefined:undefined:undefined:undefined": 18,
        "s:153:6:158:Infinity": 65,
        "s:154:28:154:107": 66,
        "b:155:8:157:Infinity:undefined:undefined:undefined:undefined": 19,
        "s:155:8:157:Infinity": 67,
        "s:156:10:156:Infinity": 68,
        "s:163:2:163:Infinity": 69
      }
    }
  },
  "C:\\Users\\anon\\github\\logi-ink\\js\\utils\\env.js": {
    "path": "C:\\Users\\anon\\github\\logi-ink\\js\\utils\\env.js",
    "statementMap": {
      "0": { "start": { "line": 15, "column": 2 }, "end": { "line": 26, "column": null } },
      "1": { "start": { "line": 16, "column": 32 }, "end": { "line": 16, "column": null } },
      "2": { "start": { "line": 17, "column": 4 }, "end": { "line": 19, "column": null } },
      "3": { "start": { "line": 18, "column": 6 }, "end": { "line": 18, "column": null } },
      "4": { "start": { "line": 20, "column": 4 }, "end": { "line": 22, "column": null } },
      "5": { "start": { "line": 21, "column": 6 }, "end": { "line": 21, "column": null } },
      "6": { "start": { "line": 23, "column": 4 }, "end": { "line": 25, "column": null } },
      "7": { "start": { "line": 24, "column": 6 }, "end": { "line": 24, "column": null } },
      "8": { "start": { "line": 29, "column": 2 }, "end": { "line": 31, "column": null } },
      "9": { "start": { "line": 30, "column": 4 }, "end": { "line": 30, "column": null } },
      "10": { "start": { "line": 34, "column": 2 }, "end": { "line": 39, "column": null } },
      "11": { "start": { "line": 35, "column": 21 }, "end": { "line": 35, "column": null } },
      "12": { "start": { "line": 36, "column": 4 }, "end": { "line": 38, "column": null } },
      "13": { "start": { "line": 37, "column": 6 }, "end": { "line": 37, "column": null } },
      "14": { "start": { "line": 42, "column": 2 }, "end": { "line": 42, "column": null } },
      "15": { "start": { "line": 50, "column": 2 }, "end": { "line": 50, "column": null } },
      "16": { "start": { "line": 58, "column": 2 }, "end": { "line": 58, "column": null } },
      "17": { "start": { "line": 67, "column": 2 }, "end": { "line": 75, "column": null } },
      "18": { "start": { "line": 68, "column": 17 }, "end": { "line": 68, "column": null } },
      "19": { "start": { "line": 69, "column": 4 }, "end": { "line": 71, "column": null } },
      "20": { "start": { "line": 70, "column": 6 }, "end": { "line": 70, "column": null } },
      "21": { "start": { "line": 72, "column": 4 }, "end": { "line": 74, "column": null } },
      "22": { "start": { "line": 73, "column": 6 }, "end": { "line": 73, "column": null } },
      "23": { "start": { "line": 77, "column": 2 }, "end": { "line": 79, "column": null } },
      "24": { "start": { "line": 78, "column": 4 }, "end": { "line": 78, "column": null } },
      "25": { "start": { "line": 81, "column": 2 }, "end": { "line": 81, "column": null } },
      "26": { "start": { "line": 89, "column": 2 }, "end": { "line": 89, "column": null } },
      "27": { "start": { "line": 99, "column": 2 }, "end": { "line": 101, "column": null } },
      "28": { "start": { "line": 100, "column": 4 }, "end": { "line": 100, "column": null } },
      "29": { "start": { "line": 104, "column": 20 }, "end": { "line": 104, "column": null } },
      "30": { "start": { "line": 105, "column": 22 }, "end": { "line": 105, "column": null } },
      "31": { "start": { "line": 106, "column": 21 }, "end": { "line": 106, "column": null } },
      "32": { "start": { "line": 110, "column": 25 }, "end": { "line": 110, "column": null } },
      "33": { "start": { "line": 111, "column": 24 }, "end": { "line": 111, "column": null } },
      "34": { "start": { "line": 112, "column": 22 }, "end": { "line": 112, "column": null } },
      "35": { "start": { "line": 113, "column": 24 }, "end": { "line": 113, "column": null } },
      "36": { "start": { "line": 119, "column": 19 }, "end": { "line": 119, "column": null } },
      "37": { "start": { "line": 122, "column": 2 }, "end": { "line": 125, "column": null } },
      "38": { "start": { "line": 123, "column": 4 }, "end": { "line": 123, "column": null } },
      "39": { "start": { "line": 124, "column": 4 }, "end": { "line": 124, "column": null } },
      "40": { "start": { "line": 127, "column": 2 }, "end": { "line": 127, "column": null } }
    },
    "fnMap": {
      "0": {
        "name": "detectMode",
        "decl": { "start": { "line": 13, "column": 22 }, "end": { "line": 13, "column": null } },
        "loc": { "start": { "line": 13, "column": 22 }, "end": { "line": 43, "column": null } },
        "line": 13
      },
      "1": {
        "name": "isDevelopmentEnv",
        "decl": { "start": { "line": 49, "column": 16 }, "end": { "line": 49, "column": 35 } },
        "loc": { "start": { "line": 49, "column": 35 }, "end": { "line": 51, "column": null } },
        "line": 49
      },
      "2": {
        "name": "isProductionEnv",
        "decl": { "start": { "line": 57, "column": 16 }, "end": { "line": 57, "column": 34 } },
        "loc": { "start": { "line": 57, "column": 34 }, "end": { "line": 59, "column": null } },
        "line": 57
      },
      "3": {
        "name": "isServiceWorkerDisabled",
        "decl": { "start": { "line": 66, "column": 16 }, "end": { "line": 66, "column": 42 } },
        "loc": { "start": { "line": 66, "column": 42 }, "end": { "line": 82, "column": null } },
        "line": 66
      },
      "4": {
        "name": "getEnvironmentMode",
        "decl": { "start": { "line": 88, "column": 16 }, "end": { "line": 88, "column": 37 } },
        "loc": { "start": { "line": 88, "column": 37 }, "end": { "line": 90, "column": null } },
        "line": 88
      },
      "5": {
        "name": "isMobileDevice",
        "decl": { "start": { "line": 98, "column": 16 }, "end": { "line": 98, "column": 33 } },
        "loc": { "start": { "line": 98, "column": 33 }, "end": { "line": 128, "column": null } },
        "line": 98
      }
    },
    "branchMap": {
      "0": {
        "loc": { "start": { "line": 15, "column": 2 }, "end": { "line": 26, "column": null } },
        "type": "if",
        "locations": [
          { "start": { "line": 15, "column": 2 }, "end": { "line": 26, "column": null } },
          { "start": {}, "end": {} }
        ],
        "line": 15
      },
      "1": {
        "loc": { "start": { "line": 15, "column": 6 }, "end": { "line": 15, "column": 84 } },
        "type": "binary-expr",
        "locations": [
          { "start": { "line": 15, "column": 6 }, "end": { "line": 15, "column": 44 } },
          { "start": { "line": 15, "column": 44 }, "end": { "line": 15, "column": 84 } }
        ],
        "line": 15
      },
      "2": {
        "loc": { "start": { "line": 17, "column": 4 }, "end": { "line": 19, "column": null } },
        "type": "if",
        "locations": [
          { "start": { "line": 17, "column": 4 }, "end": { "line": 19, "column": null } },
          { "start": {}, "end": {} }
        ],
        "line": 17
      },
      "3": {
        "loc": { "start": { "line": 20, "column": 4 }, "end": { "line": 22, "column": null } },
        "type": "if",
        "locations": [
          { "start": { "line": 20, "column": 4 }, "end": { "line": 22, "column": null } },
          { "start": {}, "end": {} }
        ],
        "line": 20
      },
      "4": {
        "loc": { "start": { "line": 21, "column": 13 }, "end": { "line": 21, "column": null } },
        "type": "cond-expr",
        "locations": [
          { "start": { "line": 21, "column": 19 }, "end": { "line": 21, "column": 35 } },
          { "start": { "line": 21, "column": 35 }, "end": { "line": 21, "column": null } }
        ],
        "line": 21
      },
      "5": {
        "loc": { "start": { "line": 23, "column": 4 }, "end": { "line": 25, "column": null } },
        "type": "if",
        "locations": [
          { "start": { "line": 23, "column": 4 }, "end": { "line": 25, "column": null } },
          { "start": {}, "end": {} }
        ],
        "line": 23
      },
      "6": {
        "loc": { "start": { "line": 24, "column": 13 }, "end": { "line": 24, "column": null } },
        "type": "cond-expr",
        "locations": [
          { "start": { "line": 24, "column": 20 }, "end": { "line": 24, "column": 35 } },
          { "start": { "line": 24, "column": 35 }, "end": { "line": 24, "column": null } }
        ],
        "line": 24
      },
      "7": {
        "loc": { "start": { "line": 29, "column": 2 }, "end": { "line": 31, "column": null } },
        "type": "if",
        "locations": [
          { "start": { "line": 29, "column": 2 }, "end": { "line": 31, "column": null } },
          { "start": {}, "end": {} }
        ],
        "line": 29
      },
      "8": {
        "loc": { "start": { "line": 29, "column": 6 }, "end": { "line": 29, "column": 64 } },
        "type": "binary-expr",
        "locations": [
          { "start": { "line": 29, "column": 6 }, "end": { "line": 29, "column": 40 } },
          { "start": { "line": 29, "column": 40 }, "end": { "line": 29, "column": 64 } }
        ],
        "line": 29
      },
      "9": {
        "loc": { "start": { "line": 34, "column": 2 }, "end": { "line": 39, "column": null } },
        "type": "if",
        "locations": [
          { "start": { "line": 34, "column": 2 }, "end": { "line": 39, "column": null } },
          { "start": {}, "end": {} }
        ],
        "line": 34
      },
      "10": {
        "loc": { "start": { "line": 36, "column": 4 }, "end": { "line": 38, "column": null } },
        "type": "if",
        "locations": [
          { "start": { "line": 36, "column": 4 }, "end": { "line": 38, "column": null } },
          { "start": {}, "end": {} }
        ],
        "line": 36
      },
      "11": {
        "loc": { "start": { "line": 36, "column": 8 }, "end": { "line": 36, "column": 81 } },
        "type": "binary-expr",
        "locations": [
          { "start": { "line": 36, "column": 8 }, "end": { "line": 36, "column": 36 } },
          { "start": { "line": 36, "column": 36 }, "end": { "line": 36, "column": 64 } },
          { "start": { "line": 36, "column": 64 }, "end": { "line": 36, "column": 81 } }
        ],
        "line": 36
      },
      "12": {
        "loc": { "start": { "line": 67, "column": 2 }, "end": { "line": 75, "column": null } },
        "type": "if",
        "locations": [
          { "start": { "line": 67, "column": 2 }, "end": { "line": 75, "column": null } },
          { "start": {}, "end": {} }
        ],
        "line": 67
      },
      "13": {
        "loc": { "start": { "line": 67, "column": 6 }, "end": { "line": 67, "column": 84 } },
        "type": "binary-expr",
        "locations": [
          { "start": { "line": 67, "column": 6 }, "end": { "line": 67, "column": 44 } },
          { "start": { "line": 67, "column": 44 }, "end": { "line": 67, "column": 84 } }
        ],
        "line": 67
      },
      "14": {
        "loc": { "start": { "line": 69, "column": 4 }, "end": { "line": 71, "column": null } },
        "type": "if",
        "locations": [
          { "start": { "line": 69, "column": 4 }, "end": { "line": 71, "column": null } },
          { "start": {}, "end": {} }
        ],
        "line": 69
      },
      "15": {
        "loc": { "start": { "line": 72, "column": 4 }, "end": { "line": 74, "column": null } },
        "type": "if",
        "locations": [
          { "start": { "line": 72, "column": 4 }, "end": { "line": 74, "column": null } },
          { "start": {}, "end": {} }
        ],
        "line": 72
      },
      "16": {
        "loc": { "start": { "line": 77, "column": 2 }, "end": { "line": 79, "column": null } },
        "type": "if",
        "locations": [
          { "start": { "line": 77, "column": 2 }, "end": { "line": 79, "column": null } },
          { "start": {}, "end": {} }
        ],
        "line": 77
      },
      "17": {
        "loc": { "start": { "line": 77, "column": 6 }, "end": { "line": 77, "column": 71 } },
        "type": "binary-expr",
        "locations": [
          { "start": { "line": 77, "column": 6 }, "end": { "line": 77, "column": 39 } },
          { "start": { "line": 77, "column": 39 }, "end": { "line": 77, "column": 71 } }
        ],
        "line": 77
      },
      "18": {
        "loc": { "start": { "line": 99, "column": 2 }, "end": { "line": 101, "column": null } },
        "type": "if",
        "locations": [
          { "start": { "line": 99, "column": 2 }, "end": { "line": 101, "column": null } },
          { "start": {}, "end": {} }
        ],
        "line": 99
      },
      "19": {
        "loc": { "start": { "line": 104, "column": 20 }, "end": { "line": 104, "column": null } },
        "type": "binary-expr",
        "locations": [
          { "start": { "line": 104, "column": 20 }, "end": { "line": 104, "column": 51 } },
          { "start": { "line": 104, "column": 51 }, "end": { "line": 104, "column": null } }
        ],
        "line": 104
      },
      "20": {
        "loc": { "start": { "line": 110, "column": 25 }, "end": { "line": 110, "column": null } },
        "type": "binary-expr",
        "locations": [
          { "start": { "line": 110, "column": 25 }, "end": { "line": 110, "column": 54 } },
          { "start": { "line": 110, "column": 54 }, "end": { "line": 110, "column": 82 } },
          { "start": { "line": 110, "column": 82 }, "end": { "line": 110, "column": null } }
        ],
        "line": 110
      },
      "21": {
        "loc": { "start": { "line": 111, "column": 24 }, "end": { "line": 111, "column": null } },
        "type": "binary-expr",
        "locations": [
          { "start": { "line": 111, "column": 24 }, "end": { "line": 111, "column": 45 } },
          { "start": { "line": 111, "column": 45 }, "end": { "line": 111, "column": 68 } },
          { "start": { "line": 111, "column": 68 }, "end": { "line": 111, "column": null } }
        ],
        "line": 111
      },
      "22": {
        "loc": { "start": { "line": 112, "column": 22 }, "end": { "line": 112, "column": null } },
        "type": "binary-expr",
        "locations": [
          { "start": { "line": 112, "column": 22 }, "end": { "line": 112, "column": 45 } },
          { "start": { "line": 112, "column": 45 }, "end": { "line": 112, "column": null } }
        ],
        "line": 112
      },
      "23": {
        "loc": { "start": { "line": 113, "column": 24 }, "end": { "line": 113, "column": null } },
        "type": "binary-expr",
        "locations": [
          { "start": { "line": 113, "column": 24 }, "end": { "line": 113, "column": 48 } },
          { "start": { "line": 113, "column": 48 }, "end": { "line": 113, "column": null } }
        ],
        "line": 113
      },
      "24": {
        "loc": { "start": { "line": 119, "column": 19 }, "end": { "line": 119, "column": null } },
        "type": "binary-expr",
        "locations": [
          { "start": { "line": 119, "column": 19 }, "end": { "line": 119, "column": 34 } },
          { "start": { "line": 119, "column": 34 }, "end": { "line": 119, "column": 52 } },
          { "start": { "line": 119, "column": 52 }, "end": { "line": 119, "column": 71 } },
          { "start": { "line": 119, "column": 71 }, "end": { "line": 119, "column": null } }
        ],
        "line": 119
      },
      "25": {
        "loc": { "start": { "line": 122, "column": 2 }, "end": { "line": 125, "column": null } },
        "type": "if",
        "locations": [
          { "start": { "line": 122, "column": 2 }, "end": { "line": 125, "column": null } },
          { "start": {}, "end": {} }
        ],
        "line": 122
      },
      "26": {
        "loc": { "start": { "line": 122, "column": 6 }, "end": { "line": 122, "column": 51 } },
        "type": "binary-expr",
        "locations": [
          { "start": { "line": 122, "column": 6 }, "end": { "line": 122, "column": 18 } },
          { "start": { "line": 122, "column": 18 }, "end": { "line": 122, "column": 51 } }
        ],
        "line": 122
      }
    },
    "s": {
      "0": 9,
      "1": 9,
      "2": 9,
      "3": 9,
      "4": 0,
      "5": 0,
      "6": 0,
      "7": 0,
      "8": 0,
      "9": 0,
      "10": 0,
      "11": 0,
      "12": 0,
      "13": 0,
      "14": 0,
      "15": 4,
      "16": 4,
      "17": 5,
      "18": 5,
      "19": 5,
      "20": 0,
      "21": 5,
      "22": 0,
      "23": 5,
      "24": 1,
      "25": 4,
      "26": 1,
      "27": 4,
      "28": 0,
      "29": 4,
      "30": 4,
      "31": 4,
      "32": 4,
      "33": 4,
      "34": 4,
      "35": 4,
      "36": 4,
      "37": 4,
      "38": 3,
      "39": 3,
      "40": 4
    },
    "f": { "0": 9, "1": 4, "2": 4, "3": 5, "4": 1, "5": 4 },
    "b": {
      "0": [9, 0],
      "1": [9, 9],
      "2": [9, 0],
      "3": [0, 0],
      "4": [0, 0],
      "5": [0, 0],
      "6": [0, 0],
      "7": [0, 0],
      "8": [0, 0],
      "9": [0, 0],
      "10": [0, 0],
      "11": [0, 0, 0],
      "12": [5, 0],
      "13": [5, 5],
      "14": [0, 5],
      "15": [0, 5],
      "16": [1, 4],
      "17": [5, 5],
      "18": [0, 4],
      "19": [4, 0],
      "20": [4, 0, 0],
      "21": [4, 0, 0],
      "22": [4, 0],
      "23": [4, 1],
      "24": [4, 2, 2, 1],
      "25": [3, 1],
      "26": [4, 3]
    },
    "meta": {
      "lastBranch": 27,
      "lastFunction": 6,
      "lastStatement": 41,
      "seen": {
        "f:13:22:13:Infinity": 0,
        "b:15:2:26:Infinity:undefined:undefined:undefined:undefined": 0,
        "s:15:2:26:Infinity": 0,
        "b:15:6:15:44:15:44:15:84": 1,
        "s:16:32:16:Infinity": 1,
        "b:17:4:19:Infinity:undefined:undefined:undefined:undefined": 2,
        "s:17:4:19:Infinity": 2,
        "s:18:6:18:Infinity": 3,
        "b:20:4:22:Infinity:undefined:undefined:undefined:undefined": 3,
        "s:20:4:22:Infinity": 4,
        "s:21:6:21:Infinity": 5,
        "b:21:19:21:35:21:35:21:Infinity": 4,
        "b:23:4:25:Infinity:undefined:undefined:undefined:undefined": 5,
        "s:23:4:25:Infinity": 6,
        "s:24:6:24:Infinity": 7,
        "b:24:20:24:35:24:35:24:Infinity": 6,
        "b:29:2:31:Infinity:undefined:undefined:undefined:undefined": 7,
        "s:29:2:31:Infinity": 8,
        "b:29:6:29:40:29:40:29:64": 8,
        "s:30:4:30:Infinity": 9,
        "b:34:2:39:Infinity:undefined:undefined:undefined:undefined": 9,
        "s:34:2:39:Infinity": 10,
        "s:35:21:35:Infinity": 11,
        "b:36:4:38:Infinity:undefined:undefined:undefined:undefined": 10,
        "s:36:4:38:Infinity": 12,
        "b:36:8:36:36:36:36:36:64:36:64:36:81": 11,
        "s:37:6:37:Infinity": 13,
        "s:42:2:42:Infinity": 14,
        "f:49:16:49:35": 1,
        "s:50:2:50:Infinity": 15,
        "f:57:16:57:34": 2,
        "s:58:2:58:Infinity": 16,
        "f:66:16:66:42": 3,
        "b:67:2:75:Infinity:undefined:undefined:undefined:undefined": 12,
        "s:67:2:75:Infinity": 17,
        "b:67:6:67:44:67:44:67:84": 13,
        "s:68:17:68:Infinity": 18,
        "b:69:4:71:Infinity:undefined:undefined:undefined:undefined": 14,
        "s:69:4:71:Infinity": 19,
        "s:70:6:70:Infinity": 20,
        "b:72:4:74:Infinity:undefined:undefined:undefined:undefined": 15,
        "s:72:4:74:Infinity": 21,
        "s:73:6:73:Infinity": 22,
        "b:77:2:79:Infinity:undefined:undefined:undefined:undefined": 16,
        "s:77:2:79:Infinity": 23,
        "b:77:6:77:39:77:39:77:71": 17,
        "s:78:4:78:Infinity": 24,
        "s:81:2:81:Infinity": 25,
        "f:88:16:88:37": 4,
        "s:89:2:89:Infinity": 26,
        "f:98:16:98:33": 5,
        "b:99:2:101:Infinity:undefined:undefined:undefined:undefined": 18,
        "s:99:2:101:Infinity": 27,
        "s:100:4:100:Infinity": 28,
        "s:104:20:104:Infinity": 29,
        "b:104:20:104:51:104:51:104:Infinity": 19,
        "s:105:22:105:Infinity": 30,
        "s:106:21:106:Infinity": 31,
        "s:110:25:110:Infinity": 32,
        "b:110:25:110:54:110:54:110:82:110:82:110:Infinity": 20,
        "s:111:24:111:Infinity": 33,
        "b:111:24:111:45:111:45:111:68:111:68:111:Infinity": 21,
        "s:112:22:112:Infinity": 34,
        "b:112:22:112:45:112:45:112:Infinity": 22,
        "s:113:24:113:Infinity": 35,
        "b:113:24:113:48:113:48:113:Infinity": 23,
        "s:119:19:119:Infinity": 36,
        "b:119:19:119:34:119:34:119:52:119:52:119:71:119:71:119:Infinity": 24,
        "b:122:2:125:Infinity:undefined:undefined:undefined:undefined": 25,
        "s:122:2:125:Infinity": 37,
        "b:122:6:122:18:122:18:122:51": 26,
        "s:123:4:123:Infinity": 38,
        "s:124:4:124:Infinity": 39,
        "s:127:2:127:Infinity": 40
      }
    }
  },
  "C:\\Users\\anon\\github\\logi-ink\\js\\utils\\error-handler.js": {
    "path": "C:\\Users\\anon\\github\\logi-ink\\js\\utils\\error-handler.js",
    "statementMap": {
      "0": { "start": { "line": 13, "column": 2 }, "end": { "line": 22, "column": null } },
      "1": { "start": { "line": 14, "column": 4 }, "end": { "line": 21, "column": null } },
      "2": { "start": { "line": 25, "column": 2 }, "end": { "line": 31, "column": null } },
      "3": { "start": { "line": 26, "column": 4 }, "end": { "line": 30, "column": null } },
      "4": { "start": { "line": 34, "column": 2 }, "end": { "line": 42, "column": null } },
      "5": { "start": { "line": 35, "column": 4 }, "end": { "line": 41, "column": null } },
      "6": { "start": { "line": 36, "column": 6 }, "end": { "line": 40, "column": null } },
      "7": { "start": { "line": 50, "column": 35 }, "end": { "line": 50, "column": 44 } },
      "8": { "start": { "line": 53, "column": 2 }, "end": { "line": 55, "column": null } },
      "9": { "start": { "line": 54, "column": 4 }, "end": { "line": 54, "column": null } },
      "10": { "start": { "line": 59, "column": 2 }, "end": { "line": 62, "column": null } },
      "11": { "start": { "line": 95, "column": 2 }, "end": { "line": 107, "column": null } },
      "12": { "start": { "line": 96, "column": 4 }, "end": { "line": 106, "column": null } },
      "13": { "start": { "line": 97, "column": 6 }, "end": { "line": 97, "column": null } },
      "14": { "start": { "line": 99, "column": 6 }, "end": { "line": 103, "column": null } },
      "15": { "start": { "line": 105, "column": 6 }, "end": { "line": 105, "column": null } },
      "16": { "start": { "line": 118, "column": 2 }, "end": { "line": 127, "column": null } },
      "17": { "start": { "line": 119, "column": 4 }, "end": { "line": 119, "column": null } },
      "18": { "start": { "line": 121, "column": 4 }, "end": { "line": 125, "column": null } },
      "19": { "start": { "line": 126, "column": 4 }, "end": { "line": 126, "column": null } }
    },
    "fnMap": {
      "0": {
        "name": "initErrorHandler",
        "decl": { "start": { "line": 11, "column": 16 }, "end": { "line": 11, "column": 32 } },
        "loc": { "start": { "line": 11, "column": 35 }, "end": { "line": 43, "column": null } },
        "line": 11
      },
      "1": {
        "name": "(anonymous_1)",
        "decl": { "start": { "line": 13, "column": 35 }, "end": { "line": 13, "column": 36 } },
        "loc": { "start": { "line": 13, "column": 46 }, "end": { "line": 22, "column": 3 } },
        "line": 13
      },
      "2": {
        "name": "(anonymous_2)",
        "decl": { "start": { "line": 25, "column": 48 }, "end": { "line": 25, "column": 49 } },
        "loc": { "start": { "line": 25, "column": 59 }, "end": { "line": 31, "column": 3 } },
        "line": 25
      },
      "3": {
        "name": "(anonymous_3)",
        "decl": { "start": { "line": 35, "column": 54 }, "end": { "line": 35, "column": 55 } },
        "loc": { "start": { "line": 35, "column": 65 }, "end": { "line": 41, "column": 5 } },
        "line": 35
      },
      "4": {
        "name": "handleError",
        "decl": { "start": { "line": 49, "column": 9 }, "end": { "line": 49, "column": 20 } },
        "loc": { "start": { "line": 49, "column": 32 }, "end": { "line": 66, "column": null } },
        "line": 49
      },
      "5": {
        "name": "sendToErrorTracking",
        "decl": { "start": { "line": 72, "column": 9 }, "end": { "line": 72, "column": 28 } },
        "loc": { "start": { "line": 72, "column": 40 }, "end": { "line": 86, "column": null } },
        "line": 72
      },
      "6": {
        "name": "withErrorHandling",
        "decl": { "start": { "line": 94, "column": 16 }, "end": { "line": 94, "column": 33 } },
        "loc": { "start": { "line": 94, "column": 61 }, "end": { "line": 108, "column": null } },
        "line": 94
      },
      "7": {
        "name": "(anonymous_7)",
        "decl": { "start": { "line": 95, "column": 9 }, "end": { "line": 95, "column": 14 } },
        "loc": { "start": { "line": 95, "column": 28 }, "end": { "line": 107, "column": 3 } },
        "line": 95
      },
      "8": {
        "name": "safeDOMOperation",
        "decl": { "start": { "line": 117, "column": 16 }, "end": { "line": 117, "column": 32 } },
        "loc": { "start": { "line": 117, "column": 81 }, "end": { "line": 128, "column": null } },
        "line": 117
      }
    },
    "branchMap": {
      "0": {
        "loc": { "start": { "line": 27, "column": 15 }, "end": { "line": 27, "column": 69 } },
        "type": "binary-expr",
        "locations": [
          { "start": { "line": 27, "column": 15 }, "end": { "line": 27, "column": 36 } },
          { "start": { "line": 27, "column": 40 }, "end": { "line": 27, "column": 69 } }
        ],
        "line": 27
      },
      "1": {
        "loc": { "start": { "line": 34, "column": 2 }, "end": { "line": 42, "column": null } },
        "type": "if",
        "locations": [
          { "start": { "line": 34, "column": 2 }, "end": { "line": 42, "column": null } },
          { "start": {}, "end": {} }
        ],
        "line": 34
      },
      "2": {
        "loc": { "start": { "line": 38, "column": 15 }, "end": { "line": 38, "column": 35 } },
        "type": "binary-expr",
        "locations": [
          { "start": { "line": 38, "column": 15 }, "end": { "line": 38, "column": 26 } },
          { "start": { "line": 38, "column": 30 }, "end": { "line": 38, "column": 35 } }
        ],
        "line": 38
      },
      "3": {
        "loc": { "start": { "line": 53, "column": 2 }, "end": { "line": 55, "column": null } },
        "type": "if",
        "locations": [
          { "start": { "line": 53, "column": 2 }, "end": { "line": 55, "column": null } },
          { "start": {}, "end": {} }
        ],
        "line": 53
      },
      "4": {
        "loc": { "start": { "line": 59, "column": 2 }, "end": { "line": 62, "column": null } },
        "type": "if",
        "locations": [
          { "start": { "line": 59, "column": 2 }, "end": { "line": 62, "column": null } },
          { "start": {}, "end": {} }
        ],
        "line": 59
      },
      "5": {
        "loc": { "start": { "line": 94, "column": 38 }, "end": { "line": 94, "column": 59 } },
        "type": "default-arg",
        "locations": [
          { "start": { "line": 94, "column": 48 }, "end": { "line": 94, "column": 59 } }
        ],
        "line": 94
      },
      "6": {
        "loc": { "start": { "line": 117, "column": 37 }, "end": { "line": 117, "column": 62 } },
        "type": "default-arg",
        "locations": [
          { "start": { "line": 117, "column": 47 }, "end": { "line": 117, "column": 62 } }
        ],
        "line": 117
      },
      "7": {
        "loc": { "start": { "line": 117, "column": 64 }, "end": { "line": 117, "column": 79 } },
        "type": "default-arg",
        "locations": [
          { "start": { "line": 117, "column": 75 }, "end": { "line": 117, "column": 79 } }
        ],
        "line": 117
      }
    },
    "s": {
      "0": 2,
      "1": 1,
      "2": 2,
      "3": 0,
      "4": 2,
      "5": 0,
      "6": 0,
      "7": 6,
      "8": 6,
      "9": 6,
      "10": 6,
      "11": 3,
      "12": 3,
      "13": 3,
      "14": 2,
      "15": 2,
      "16": 4,
      "17": 4,
      "18": 3,
      "19": 3
    },
    "f": { "0": 2, "1": 1, "2": 0, "3": 0, "4": 6, "5": 0, "6": 3, "7": 3, "8": 4 },
    "b": {
      "0": [0, 0],
      "1": [0, 2],
      "2": [0, 0],
      "3": [6, 0],
      "4": [0, 6],
      "5": [3],
      "6": [4],
      "7": [4]
    },
    "meta": {
      "lastBranch": 8,
      "lastFunction": 9,
      "lastStatement": 20,
      "seen": {
        "f:11:16:11:32": 0,
        "s:13:2:22:Infinity": 0,
        "f:13:35:13:36": 1,
        "s:14:4:21:Infinity": 1,
        "s:25:2:31:Infinity": 2,
        "f:25:48:25:49": 2,
        "s:26:4:30:Infinity": 3,
        "b:27:15:27:36:27:40:27:69": 0,
        "b:34:2:42:Infinity:undefined:undefined:undefined:undefined": 1,
        "s:34:2:42:Infinity": 4,
        "s:35:4:41:Infinity": 5,
        "f:35:54:35:55": 3,
        "s:36:6:40:Infinity": 6,
        "b:38:15:38:26:38:30:38:35": 2,
        "f:49:9:49:20": 4,
        "s:50:35:50:44": 7,
        "b:53:2:55:Infinity:undefined:undefined:undefined:undefined": 3,
        "s:53:2:55:Infinity": 8,
        "s:54:4:54:Infinity": 9,
        "b:59:2:62:Infinity:undefined:undefined:undefined:undefined": 4,
        "s:59:2:62:Infinity": 10,
        "f:72:9:72:28": 5,
        "f:94:16:94:33": 6,
        "b:94:48:94:59": 5,
        "s:95:2:107:Infinity": 11,
        "f:95:9:95:14": 7,
        "s:96:4:106:Infinity": 12,
        "s:97:6:97:Infinity": 13,
        "s:99:6:103:Infinity": 14,
        "s:105:6:105:Infinity": 15,
        "f:117:16:117:32": 8,
        "b:117:47:117:62": 6,
        "b:117:75:117:79": 7,
        "s:118:2:127:Infinity": 16,
        "s:119:4:119:Infinity": 17,
        "s:121:4:125:Infinity": 18,
        "s:126:4:126:Infinity": 19
      }
    }
  },
  "C:\\Users\\anon\\github\\logi-ink\\js\\utils\\toast.js": {
    "path": "C:\\Users\\anon\\github\\logi-ink\\js\\utils\\toast.js",
    "statementMap": {
      "0": { "start": { "line": 14, "column": 25 }, "end": { "line": 14, "column": 60 } },
      "1": { "start": { "line": 15, "column": 2 }, "end": { "line": 15, "column": null } },
      "2": { "start": { "line": 15, "column": 34 }, "end": { "line": 15, "column": 48 } },
      "3": { "start": { "line": 18, "column": 16 }, "end": { "line": 18, "column": 45 } },
      "4": { "start": { "line": 19, "column": 2 }, "end": { "line": 19, "column": null } },
      "5": { "start": { "line": 20, "column": 2 }, "end": { "line": 20, "column": null } },
      "6": { "start": { "line": 21, "column": 2 }, "end": { "line": 21, "column": null } },
      "7": { "start": { "line": 24, "column": 4 }, "end": { "line": 26, "column": 247 } },
      "8": { "start": { "line": 28, "column": 2 }, "end": { "line": 37, "column": null } },
      "9": { "start": { "line": 40, "column": 2 }, "end": { "line": 40, "column": null } },
      "10": { "start": { "line": 43, "column": 2 }, "end": { "line": 45, "column": null } },
      "11": { "start": { "line": 44, "column": 4 }, "end": { "line": 44, "column": null } },
      "12": { "start": { "line": 48, "column": 19 }, "end": { "line": 48, "column": 54 } },
      "13": { "start": { "line": 49, "column": 2 }, "end": { "line": 51, "column": null } },
      "14": { "start": { "line": 50, "column": 4 }, "end": { "line": 50, "column": null } },
      "15": { "start": { "line": 54, "column": 2 }, "end": { "line": 58, "column": null } },
      "16": { "start": { "line": 55, "column": 4 }, "end": { "line": 57, "column": null } },
      "17": { "start": { "line": 56, "column": 6 }, "end": { "line": 56, "column": null } },
      "18": { "start": { "line": 60, "column": 2 }, "end": { "line": 60, "column": null } },
      "19": { "start": { "line": 68, "column": 2 }, "end": { "line": 68, "column": null } },
      "20": { "start": { "line": 69, "column": 2 }, "end": { "line": 73, "column": null } },
      "21": { "start": { "line": 70, "column": 4 }, "end": { "line": 72, "column": null } },
      "22": { "start": { "line": 71, "column": 6 }, "end": { "line": 71, "column": null } }
    },
    "fnMap": {
      "0": {
        "name": "showToast",
        "decl": { "start": { "line": 12, "column": 16 }, "end": { "line": 12, "column": 25 } },
        "loc": { "start": { "line": 12, "column": 70 }, "end": { "line": 61, "column": null } },
        "line": 12
      },
      "1": {
        "name": "(anonymous_1)",
        "decl": { "start": { "line": 15, "column": 25 }, "end": { "line": 15, "column": 30 } },
        "loc": { "start": { "line": 15, "column": 34 }, "end": { "line": 15, "column": 48 } },
        "line": 15
      },
      "2": {
        "name": "(anonymous_2)",
        "decl": { "start": { "line": 43, "column": 13 }, "end": { "line": 43, "column": 14 } },
        "loc": { "start": { "line": 43, "column": 19 }, "end": { "line": 45, "column": 3 } },
        "line": 43
      },
      "3": {
        "name": "(anonymous_3)",
        "decl": { "start": { "line": 49, "column": 37 }, "end": { "line": 49, "column": 38 } },
        "loc": { "start": { "line": 49, "column": 43 }, "end": { "line": 51, "column": 3 } },
        "line": 49
      },
      "4": {
        "name": "(anonymous_4)",
        "decl": { "start": { "line": 55, "column": 15 }, "end": { "line": 55, "column": 16 } },
        "loc": { "start": { "line": 55, "column": 21 }, "end": { "line": 57, "column": 5 } },
        "line": 55
      },
      "5": {
        "name": "hideToast",
        "decl": { "start": { "line": 67, "column": 9 }, "end": { "line": 67, "column": 18 } },
        "loc": { "start": { "line": 67, "column": 26 }, "end": { "line": 74, "column": null } },
        "line": 67
      },
      "6": {
        "name": "(anonymous_6)",
        "decl": { "start": { "line": 69, "column": 13 }, "end": { "line": 69, "column": 14 } },
        "loc": { "start": { "line": 69, "column": 19 }, "end": { "line": 73, "column": 3 } },
        "line": 69
      }
    },
    "branchMap": {
      "0": {
        "loc": { "start": { "line": 12, "column": 35 }, "end": { "line": 12, "column": 51 } },
        "type": "default-arg",
        "locations": [
          { "start": { "line": 12, "column": 42 }, "end": { "line": 12, "column": 51 } }
        ],
        "line": 12
      },
      "1": {
        "loc": { "start": { "line": 12, "column": 53 }, "end": { "line": 12, "column": 68 } },
        "type": "default-arg",
        "locations": [
          { "start": { "line": 12, "column": 64 }, "end": { "line": 12, "column": 68 } }
        ],
        "line": 12
      },
      "2": {
        "loc": { "start": { "line": 24, "column": 4 }, "end": { "line": 26, "column": 247 } },
        "type": "cond-expr",
        "locations": [
          { "start": { "line": 25, "column": 8 }, "end": { "line": 25, "column": null } },
          { "start": { "line": 26, "column": 8 }, "end": { "line": 26, "column": 247 } }
        ],
        "line": 24
      },
      "3": {
        "loc": { "start": { "line": 30, "column": 69 }, "end": { "line": 30, "column": 134 } },
        "type": "cond-expr",
        "locations": [
          { "start": { "line": 30, "column": 90 }, "end": { "line": 30, "column": 111 } },
          { "start": { "line": 30, "column": 114 }, "end": { "line": 30, "column": 134 } }
        ],
        "line": 30
      },
      "4": {
        "loc": { "start": { "line": 32, "column": 26 }, "end": { "line": 32, "column": 66 } },
        "type": "cond-expr",
        "locations": [
          { "start": { "line": 32, "column": 47 }, "end": { "line": 32, "column": 56 } },
          { "start": { "line": 32, "column": 59 }, "end": { "line": 32, "column": 66 } }
        ],
        "line": 32
      },
      "5": {
        "loc": { "start": { "line": 54, "column": 2 }, "end": { "line": 58, "column": null } },
        "type": "if",
        "locations": [
          { "start": { "line": 54, "column": 2 }, "end": { "line": 58, "column": null } },
          { "start": {}, "end": {} }
        ],
        "line": 54
      },
      "6": {
        "loc": { "start": { "line": 70, "column": 4 }, "end": { "line": 72, "column": null } },
        "type": "if",
        "locations": [
          { "start": { "line": 70, "column": 4 }, "end": { "line": 72, "column": null } },
          { "start": {}, "end": {} }
        ],
        "line": 70
      }
    },
    "s": {
      "0": 11,
      "1": 11,
      "2": 1,
      "3": 11,
      "4": 11,
      "5": 11,
      "6": 11,
      "7": 11,
      "8": 11,
      "9": 11,
      "10": 11,
      "11": 4,
      "12": 11,
      "13": 11,
      "14": 1,
      "15": 11,
      "16": 10,
      "17": 1,
      "18": 11,
      "19": 2,
      "20": 2,
      "21": 2,
      "22": 2
    },
    "f": { "0": 11, "1": 1, "2": 4, "3": 1, "4": 1, "5": 2, "6": 2 },
    "b": { "0": [11], "1": [11], "2": [9, 2], "3": [9, 2], "4": [9, 2], "5": [10, 1], "6": [2, 0] },
    "meta": {
      "lastBranch": 7,
      "lastFunction": 7,
      "lastStatement": 23,
      "seen": {
        "f:12:16:12:25": 0,
        "b:12:42:12:51": 0,
        "b:12:64:12:68": 1,
        "s:14:25:14:60": 0,
        "s:15:2:15:Infinity": 1,
        "f:15:25:15:30": 1,
        "s:15:34:15:48": 2,
        "s:18:16:18:45": 3,
        "s:19:2:19:Infinity": 4,
        "s:20:2:20:Infinity": 5,
        "s:21:2:21:Infinity": 6,
        "s:24:4:26:247": 7,
        "b:25:8:25:Infinity:26:8:26:247": 2,
        "s:28:2:37:Infinity": 8,
        "b:30:90:30:111:30:114:30:134": 3,
        "b:32:47:32:56:32:59:32:66": 4,
        "s:40:2:40:Infinity": 9,
        "s:43:2:45:Infinity": 10,
        "f:43:13:43:14": 2,
        "s:44:4:44:Infinity": 11,
        "s:48:19:48:54": 12,
        "s:49:2:51:Infinity": 13,
        "f:49:37:49:38": 3,
        "s:50:4:50:Infinity": 14,
        "b:54:2:58:Infinity:undefined:undefined:undefined:undefined": 5,
        "s:54:2:58:Infinity": 15,
        "s:55:4:57:Infinity": 16,
        "f:55:15:55:16": 4,
        "s:56:6:56:Infinity": 17,
        "s:60:2:60:Infinity": 18,
        "f:67:9:67:18": 5,
        "s:68:2:68:Infinity": 19,
        "s:69:2:73:Infinity": 20,
        "f:69:13:69:14": 6,
        "b:70:4:72:Infinity:undefined:undefined:undefined:undefined": 6,
        "s:70:4:72:Infinity": 21,
        "s:71:6:71:Infinity": 22
      }
    }
  }
}
